{
  "RSpec": {
    "coverage": {
      "/home/work/vagrant/FrePreSNS/app/helpers/application_helper.rb": {
        "lines": [
          1,
          1,
          147,
          147,
          34,
          null,
          113,
          null,
          null,
          null
        ]
      },
      "/home/work/vagrant/FrePreSNS/app/helpers/arguments_helper.rb": {
        "lines": [
          1,
          1,
          28,
          null,
          null,
          1,
          1,
          null,
          null
        ]
      },
      "/home/work/vagrant/FrePreSNS/app/helpers/checks_helper.rb": {
        "lines": [
          1,
          null
        ]
      },
      "/home/work/vagrant/FrePreSNS/app/helpers/components_helper.rb": {
        "lines": [
          1,
          null
        ]
      },
      "/home/work/vagrant/FrePreSNS/app/helpers/event_comments_helper.rb": {
        "lines": [
          1,
          null
        ]
      },
      "/home/work/vagrant/FrePreSNS/app/helpers/events_helper.rb": {
        "lines": [
          1,
          null
        ]
      },
      "/home/work/vagrant/FrePreSNS/app/helpers/expressions_helper.rb": {
        "lines": [
          1,
          1,
          42,
          null,
          null,
          1,
          4,
          2,
          2,
          1,
          null,
          1,
          null,
          null,
          null,
          1,
          14,
          null,
          null,
          1,
          14,
          null,
          null,
          1,
          14,
          null,
          null
        ]
      },
      "/home/work/vagrant/FrePreSNS/app/helpers/home_helper.rb": {
        "lines": [
          1,
          null
        ]
      },
      "/home/work/vagrant/FrePreSNS/app/helpers/inquiries_helper.rb": {
        "lines": [
          1,
          null
        ]
      },
      "/home/work/vagrant/FrePreSNS/app/helpers/messages_helper.rb": {
        "lines": [
          1,
          null
        ]
      },
      "/home/work/vagrant/FrePreSNS/app/helpers/notifications_helper.rb": {
        "lines": [
          1,
          1,
          91,
          null,
          null
        ]
      },
      "/home/work/vagrant/FrePreSNS/app/helpers/participations_helper.rb": {
        "lines": [
          1,
          null
        ]
      },
      "/home/work/vagrant/FrePreSNS/app/helpers/relationships_helper.rb": {
        "lines": [
          1,
          null
        ]
      },
      "/home/work/vagrant/FrePreSNS/app/helpers/reviews_helper.rb": {
        "lines": [
          1,
          1,
          2,
          null,
          null,
          1,
          28,
          1,
          null,
          27,
          null,
          null,
          null
        ]
      },
      "/home/work/vagrant/FrePreSNS/app/helpers/rooms_helper.rb": {
        "lines": [
          1,
          null
        ]
      },
      "/home/work/vagrant/FrePreSNS/app/helpers/users_helper.rb": {
        "lines": [
          1,
          1,
          72,
          1,
          null,
          71,
          null,
          null,
          null,
          1,
          8,
          0,
          null,
          8,
          null,
          null,
          null
        ]
      },
      "/home/work/vagrant/FrePreSNS/app/models/argument.rb": {
        "lines": [
          1,
          1,
          1,
          1,
          1,
          1,
          1,
          null,
          1,
          1,
          null,
          null,
          1,
          null,
          null,
          null,
          null,
          null,
          null,
          null,
          null,
          null,
          null,
          null,
          null,
          null,
          1,
          null,
          4,
          4,
          0,
          null,
          null,
          null,
          null,
          null,
          null,
          0,
          0,
          null,
          0,
          null,
          null,
          null
        ]
      },
      "/home/work/vagrant/FrePreSNS/app/models/check.rb": {
        "lines": [
          1,
          1,
          1,
          null,
          1,
          null
        ]
      },
      "/home/work/vagrant/FrePreSNS/app/models/component.rb": {
        "lines": [
          1,
          1,
          1,
          null,
          1,
          1,
          1,
          null,
          1,
          null,
          null,
          null,
          null,
          null,
          null,
          null,
          null,
          null,
          null,
          null,
          null
        ]
      },
      "/home/work/vagrant/FrePreSNS/app/models/event_comment.rb": {
        "lines": [
          1,
          1,
          1,
          null,
          1,
          null,
          1,
          null
        ]
      },
      "/home/work/vagrant/FrePreSNS/app/models/event.rb": {
        "lines": [
          1,
          1,
          1,
          null,
          1,
          1,
          null,
          1,
          1,
          1,
          1,
          1,
          1,
          1,
          null,
          null,
          1,
          null,
          0,
          0,
          0,
          null,
          null,
          0,
          null,
          null,
          null,
          1,
          0,
          null,
          null,
          null,
          null,
          null,
          null,
          0,
          0,
          null,
          0,
          null,
          null,
          1,
          12,
          1,
          null,
          null,
          null,
          1,
          12,
          1,
          null,
          null,
          null,
          1,
          12,
          2,
          null,
          null,
          null
        ]
      },
      "/home/work/vagrant/FrePreSNS/app/models/expression.rb": {
        "lines": [
          1,
          1,
          1,
          null,
          1,
          1,
          null,
          1,
          1,
          1,
          null,
          1,
          null,
          null,
          null,
          null,
          null
        ]
      },
      "/home/work/vagrant/FrePreSNS/app/models/notification.rb": {
        "lines": [
          1,
          1,
          1,
          1,
          1,
          null,
          1,
          1,
          null
        ]
      },
      "/home/work/vagrant/FrePreSNS/app/models/relationship.rb": {
        "lines": [
          1,
          1,
          1,
          null,
          1,
          1,
          null
        ]
      },
      "/home/work/vagrant/FrePreSNS/app/models/review.rb": {
        "lines": [
          1,
          1,
          1,
          null,
          1,
          null,
          null,
          1,
          null
        ]
      },
      "/home/work/vagrant/FrePreSNS/app/mailers/user_mailer.rb": {
        "lines": [
          1,
          1,
          150,
          150,
          null,
          null,
          null,
          null,
          null
        ]
      },
      "/home/work/vagrant/FrePreSNS/app/mailers/application_mailer.rb": {
        "lines": [
          1,
          1,
          1,
          null
        ]
      },
      "/home/work/vagrant/FrePreSNS/app/controllers/users_controller.rb": {
        "lines": [
          1,
          1,
          1,
          1,
          1,
          1,
          1,
          null,
          1,
          8,
          8,
          null,
          null,
          null,
          8,
          null,
          null,
          1,
          null,
          40,
          40,
          null,
          35,
          null,
          16,
          null,
          16,
          2,
          2,
          2,
          2,
          null,
          null,
          null,
          null,
          16,
          14,
          1,
          1,
          null,
          null,
          null,
          null,
          null,
          null,
          1,
          5,
          5,
          null,
          0,
          null,
          null,
          null,
          1,
          1,
          1,
          1,
          null,
          null,
          1,
          0,
          0,
          0,
          null,
          0,
          0,
          null,
          0,
          null,
          null,
          1,
          null,
          1,
          5,
          null,
          null,
          null,
          null,
          null,
          1,
          12,
          null,
          null,
          1,
          40,
          null,
          null,
          1,
          40,
          40,
          40,
          40,
          40,
          null,
          null,
          1,
          8,
          null,
          null,
          1,
          12,
          0,
          null,
          null,
          null,
          1,
          null,
          6,
          0,
          0,
          0,
          null,
          null,
          null,
          null
        ]
      },
      "/home/work/vagrant/FrePreSNS/app/controllers/application_controller.rb": {
        "lines": [
          1,
          1,
          8,
          null,
          null,
          1,
          15,
          null,
          null,
          1,
          0,
          null,
          null,
          1,
          null,
          0,
          0,
          null,
          null,
          null,
          1,
          40,
          null,
          null,
          1,
          40,
          null,
          null
        ]
      },
      "/home/work/vagrant/FrePreSNS/app/models/entry.rb": {
        "lines": [
          1,
          1,
          1,
          null
        ]
      },
      "/home/work/vagrant/FrePreSNS/app/models/room.rb": {
        "lines": [
          1,
          1,
          1,
          null
        ]
      },
      "/home/work/vagrant/FrePreSNS/app/controllers/rooms_controller.rb": {
        "lines": [
          1,
          1,
          null,
          1,
          1,
          null,
          1,
          1,
          null,
          1,
          null,
          null,
          1,
          3,
          null,
          3,
          3,
          3,
          3,
          null,
          0,
          null,
          null,
          null
        ]
      },
      "/home/work/vagrant/FrePreSNS/app/models/message.rb": {
        "lines": [
          1,
          1,
          1,
          null,
          1,
          null
        ]
      },
      "/home/work/vagrant/FrePreSNS/app/controllers/messages_controller.rb": {
        "lines": [
          1,
          1,
          null,
          1,
          null,
          1,
          1,
          null,
          null,
          1,
          null,
          0,
          null,
          null,
          null
        ]
      },
      "/home/work/vagrant/FrePreSNS/app/controllers/users/sessions_controller.rb": {
        "lines": [
          null,
          null,
          1,
          1,
          1,
          null,
          null,
          null,
          null,
          null,
          null,
          null,
          1,
          1,
          1,
          null,
          null,
          null,
          1,
          5,
          5,
          null,
          null,
          1,
          null,
          null,
          1,
          2,
          null,
          null,
          1,
          2,
          2,
          2,
          1,
          1,
          null,
          null,
          0,
          null,
          null,
          null
        ]
      },
      "/home/work/vagrant/FrePreSNS/app/controllers/home_controller.rb": {
        "lines": [
          1,
          1,
          1,
          1,
          1,
          1,
          1,
          null,
          1,
          null,
          null,
          25,
          25,
          25,
          25,
          null,
          null,
          1,
          0,
          0,
          0,
          null,
          null,
          1,
          null,
          1,
          null,
          25,
          null,
          null,
          25,
          25,
          null,
          null,
          1,
          null,
          25,
          null,
          null,
          1,
          25,
          null,
          null,
          1,
          25,
          null,
          null,
          25,
          25,
          null,
          null,
          1,
          25,
          null,
          null,
          25,
          null,
          null
        ]
      },
      "/home/work/vagrant/FrePreSNS/app/controllers/arguments_controller.rb": {
        "lines": [
          1,
          1,
          null,
          1,
          17,
          17,
          17,
          null,
          17,
          1,
          null,
          16,
          1,
          null,
          null,
          15,
          null,
          17,
          null,
          null,
          1,
          1,
          1,
          1,
          null,
          0,
          0,
          null,
          null,
          null,
          1,
          9,
          9,
          null,
          null,
          1,
          null,
          1,
          1,
          null,
          null,
          1,
          17,
          null,
          null
        ]
      },
      "/home/work/vagrant/FrePreSNS/app/controllers/expressions_controller.rb": {
        "lines": [
          1,
          1,
          1,
          1,
          null,
          1,
          null,
          11,
          null,
          2,
          2,
          null,
          2,
          null,
          9,
          9,
          null,
          null,
          null,
          1,
          null,
          null,
          1,
          6,
          6,
          null,
          6,
          6,
          4,
          4,
          null,
          2,
          2,
          null,
          null,
          null,
          1,
          4,
          4,
          null,
          null,
          null,
          1,
          0,
          0,
          null,
          0,
          null,
          null,
          null,
          1,
          0,
          0,
          null,
          null,
          1,
          null,
          1,
          6,
          null,
          null,
          null,
          null,
          1,
          4,
          null,
          null,
          1,
          4,
          null,
          null,
          1,
          null,
          11,
          11,
          11,
          null,
          null,
          1,
          null,
          11,
          null,
          null,
          1,
          null,
          11,
          null,
          null,
          1,
          null,
          11,
          null,
          null
        ]
      },
      "/home/work/vagrant/FrePreSNS/app/controllers/checks_controller.rb": {
        "lines": [
          1,
          1,
          null,
          1,
          null,
          0,
          null,
          0,
          0,
          null,
          0,
          null,
          0,
          null,
          null,
          1,
          1,
          1,
          2,
          1,
          null,
          null,
          null,
          1,
          1,
          1,
          1,
          2,
          1,
          null,
          null,
          null,
          1,
          null,
          1,
          0,
          null,
          null
        ]
      },
      "/home/work/vagrant/FrePreSNS/app/controllers/components_controller.rb": {
        "lines": [
          1,
          1,
          1,
          null,
          1,
          null,
          9,
          1,
          8,
          2,
          null,
          6,
          null,
          9,
          null,
          null,
          1,
          0,
          0,
          0,
          0,
          null,
          null,
          0,
          0,
          null,
          null,
          null,
          1,
          4,
          4,
          null,
          0,
          null,
          null,
          null,
          1,
          0,
          0,
          null,
          null,
          1,
          null,
          1,
          4,
          null,
          null,
          null,
          null,
          1,
          10,
          null,
          null,
          1,
          0,
          0,
          0,
          0,
          null,
          null,
          1,
          9,
          null,
          null,
          1,
          6,
          1,
          null,
          null,
          null
        ]
      },
      "/home/work/vagrant/FrePreSNS/app/controllers/events_controller.rb": {
        "lines": [
          1,
          1,
          null,
          1,
          2,
          null,
          null,
          1,
          0,
          0,
          0,
          null,
          null,
          0,
          0,
          null,
          null,
          null,
          1,
          0,
          0,
          null,
          0,
          null,
          null,
          null,
          1,
          1,
          1,
          1,
          null,
          1,
          null,
          null,
          1,
          null,
          1,
          1,
          null,
          null,
          1,
          0,
          0,
          null,
          null,
          1,
          0,
          null,
          null,
          null,
          null,
          null,
          1,
          1,
          null,
          null
        ]
      },
      "/home/work/vagrant/FrePreSNS/app/models/participation.rb": {
        "lines": [
          1,
          1,
          1,
          null,
          1,
          1,
          1,
          null
        ]
      },
      "/home/work/vagrant/FrePreSNS/app/controllers/users/registrations_controller.rb": {
        "lines": [
          null,
          null,
          1,
          1,
          1,
          1,
          null,
          null,
          null,
          null,
          null,
          null,
          null,
          null,
          null,
          null,
          null,
          null,
          null,
          null,
          null,
          null,
          null,
          null,
          null,
          null,
          null,
          null,
          null,
          null,
          null,
          null,
          null,
          null,
          null,
          null,
          null,
          null,
          null,
          null,
          null,
          1,
          null,
          null,
          1,
          3,
          null,
          null,
          null,
          1,
          0,
          null,
          null,
          null,
          null,
          null,
          null,
          null,
          null,
          null,
          null,
          null,
          null
        ]
      },
      "/home/work/vagrant/FrePreSNS/app/controllers/relationships_controller.rb": {
        "lines": [
          1,
          1,
          1,
          null,
          1,
          0,
          0,
          null,
          null,
          1,
          3,
          3,
          3,
          3,
          5,
          4,
          null,
          null,
          0,
          0,
          0,
          null,
          null,
          null,
          null,
          1,
          2,
          2,
          2,
          3,
          3,
          null,
          null,
          0,
          0,
          0,
          null,
          null,
          null,
          null,
          1,
          null,
          1,
          5,
          null,
          null
        ]
      },
      "/home/work/vagrant/FrePreSNS/app/uploaders/avatar_uploader.rb": {
        "lines": [
          0,
          null,
          null,
          0,
          null,
          null,
          0,
          0,
          0,
          0,
          0,
          null,
          null,
          null,
          0,
          0,
          0,
          null,
          null,
          null,
          null,
          null,
          null,
          null,
          null,
          null,
          null,
          null,
          null,
          0,
          0,
          null,
          null,
          0,
          0,
          0,
          0,
          0,
          0,
          null,
          null,
          null,
          0,
          0,
          0,
          null,
          null,
          null,
          null,
          null,
          null,
          0
        ],
        "branches": {
        }
      },
      "/home/work/vagrant/FrePreSNS/app/mailers/inquiry_mailer.rb": {
        "lines": [
          0,
          0,
          0,
          0,
          0,
          0,
          0,
          0,
          0
        ],
        "branches": {
        }
      },
      "/home/work/vagrant/FrePreSNS/app/models/inquiry.rb": {
        "lines": [
          0,
          0,
          0,
          0,
          0
        ],
        "branches": {
        }
      },
      "/home/work/vagrant/FrePreSNS/app/models/application_record.rb": {
        "lines": [
          0,
          0,
          0
        ],
        "branches": {
        }
      },
      "/home/work/vagrant/FrePreSNS/app/models/user.rb": {
        "lines": [
          0,
          null,
          null,
          0,
          0,
          0,
          null,
          0,
          null,
          null,
          0,
          0,
          null,
          null,
          0,
          0,
          0,
          null,
          null,
          0,
          null,
          0,
          0,
          0,
          0,
          0,
          0,
          0,
          0,
          null,
          null,
          0,
          0,
          0,
          0,
          null,
          null,
          0,
          0,
          null,
          null,
          0,
          0,
          null,
          0,
          0,
          0,
          null,
          null,
          0,
          0,
          0,
          null,
          0,
          0,
          0,
          null,
          null,
          0,
          0,
          0,
          0,
          0,
          null,
          0,
          0,
          0,
          0,
          null,
          0,
          0,
          0,
          null,
          null,
          0,
          null,
          0,
          null,
          0,
          0,
          0,
          0,
          0,
          0,
          0,
          0,
          null,
          null,
          0,
          0,
          0,
          null,
          null,
          0,
          0,
          0,
          0
        ],
        "branches": {
        }
      },
      "/home/work/vagrant/FrePreSNS/app/jobs/application_job.rb": {
        "lines": [
          0,
          0
        ],
        "branches": {
        }
      },
      "/home/work/vagrant/FrePreSNS/app/controllers/event_comments_controller.rb": {
        "lines": [
          0,
          0,
          0,
          0,
          0,
          0,
          0,
          0,
          0,
          0,
          0,
          0,
          null,
          0,
          null,
          0,
          0,
          0,
          0
        ],
        "branches": {
        }
      },
      "/home/work/vagrant/FrePreSNS/app/controllers/participations_controller.rb": {
        "lines": [
          0,
          0,
          null,
          0,
          0,
          0,
          0,
          0,
          0,
          null,
          0,
          0,
          0,
          0,
          0,
          0,
          0,
          0
        ],
        "branches": {
        }
      },
      "/home/work/vagrant/FrePreSNS/app/controllers/notifications_controller.rb": {
        "lines": [
          0,
          0,
          null,
          0,
          0,
          0,
          0,
          0,
          0,
          0,
          0,
          null,
          0,
          0,
          0,
          0,
          0,
          0,
          0,
          0
        ],
        "branches": {
        }
      },
      "/home/work/vagrant/FrePreSNS/app/controllers/users/omniauth_callbacks_controller.rb": {
        "lines": [
          null,
          null,
          0,
          null,
          null,
          null,
          null,
          null,
          null,
          null,
          null,
          null,
          null,
          null,
          null,
          null,
          null,
          null,
          null,
          null,
          null,
          null,
          null,
          null,
          null,
          null,
          null,
          null,
          null,
          0
        ],
        "branches": {
        }
      },
      "/home/work/vagrant/FrePreSNS/app/controllers/users/passwords_controller.rb": {
        "lines": [
          null,
          null,
          0,
          0,
          null,
          null,
          null,
          null,
          null,
          null,
          null,
          null,
          null,
          null,
          null,
          null,
          null,
          null,
          null,
          null,
          null,
          null,
          null,
          null,
          null,
          null,
          null,
          null,
          null,
          null,
          null,
          null,
          null,
          null,
          0
        ],
        "branches": {
        }
      },
      "/home/work/vagrant/FrePreSNS/app/controllers/users/unlocks_controller.rb": {
        "lines": [
          null,
          null,
          0,
          null,
          null,
          null,
          null,
          null,
          null,
          null,
          null,
          null,
          null,
          null,
          null,
          null,
          null,
          null,
          null,
          null,
          null,
          null,
          null,
          null,
          null,
          null,
          null,
          null,
          null,
          0
        ],
        "branches": {
        }
      },
      "/home/work/vagrant/FrePreSNS/app/controllers/users/confirmations_controller.rb": {
        "lines": [
          null,
          null,
          0,
          null,
          null,
          null,
          null,
          null,
          null,
          null,
          null,
          null,
          null,
          null,
          null,
          null,
          null,
          null,
          null,
          null,
          null,
          null,
          null,
          null,
          null,
          null,
          null,
          null,
          null,
          0
        ],
        "branches": {
        }
      },
      "/home/work/vagrant/FrePreSNS/app/controllers/reviews_controller.rb": {
        "lines": [
          0,
          0,
          null,
          0,
          0,
          null,
          0,
          0,
          0,
          0,
          0,
          0,
          0,
          0,
          0,
          0,
          0,
          0,
          null,
          0,
          0,
          null,
          0,
          0,
          0,
          0,
          0,
          0,
          0,
          0,
          0,
          0,
          0,
          null,
          0,
          null,
          0,
          0,
          0,
          0
        ],
        "branches": {
        }
      },
      "/home/work/vagrant/FrePreSNS/app/controllers/inquiries_controller.rb": {
        "lines": [
          0,
          0,
          null,
          0,
          0,
          0,
          0,
          0,
          0,
          0,
          0,
          0,
          0,
          0,
          null,
          0,
          null,
          0,
          0,
          0,
          null,
          0,
          0,
          0,
          0
        ],
        "branches": {
        }
      },
      "/home/work/vagrant/FrePreSNS/app/channels/application_cable/connection.rb": {
        "lines": [
          0,
          0,
          0,
          0
        ],
        "branches": {
        }
      },
      "/home/work/vagrant/FrePreSNS/app/channels/application_cable/channel.rb": {
        "lines": [
          0,
          0,
          0,
          0
        ],
        "branches": {
        }
      }
    },
    "timestamp": 1593134715
  }
}
